Building DAG of jobs...
Using shell: /usr/bin/bash
Provided cores: 8
Rules claiming more threads will be scaled down.
Job stats:
job                      count
---------------------  -------
all                          1
create_pdf_report            1
fastp                        2
fastqc_raw                   2
fastqc_trimmed               2
kraken2                      2
multiqc                      1
qc_summary_merge             1
qc_summary_per_sample        2
seqkit_raw                   2
seqkit_trimmed               2
total                       18

Select jobs to execute...

[Mon Sep 22 08:38:48 2025]
rule seqkit_raw:
    input: /ngs-results/TEST_MICROBIOLOGY_QC/CTC7065DS_S57_R1_001.fastq.gz, /ngs-results/TEST_MICROBIOLOGY_QC/CTC7065DS_S57_R2_001.fastq.gz
    output: /ngs-results/TEST_MICROBIOLOGY_QC/seqkit/CTC7065DS_S57.raw.seqkit.txt
    jobid: 8
    reason: Missing output files: /ngs-results/TEST_MICROBIOLOGY_QC/seqkit/CTC7065DS_S57.raw.seqkit.txt
    wildcards: sample=CTC7065DS_S57
    resources: tmpdir=/tmp


[Mon Sep 22 08:38:48 2025]
rule fastqc_raw:
    input: /ngs-results/TEST_MICROBIOLOGY_QC/CTC7064DS_S56_R1_001.fastq.gz, /ngs-results/TEST_MICROBIOLOGY_QC/CTC7064DS_S56_R2_001.fastq.gz
    output: /ngs-results/TEST_MICROBIOLOGY_QC/fastqc_raw/CTC7064DS_S56_R1_fastqc.html, /ngs-results/TEST_MICROBIOLOGY_QC/fastqc_raw/CTC7064DS_S56_R2_fastqc.html
    log: /ngs-results/TEST_MICROBIOLOGY_QC/logs/CTC7064DS_S56.fastqc_raw.log
    jobid: 1
    reason: Missing output files: /ngs-results/TEST_MICROBIOLOGY_QC/fastqc_raw/CTC7064DS_S56_R1_fastqc.html
    wildcards: sample=CTC7064DS_S56
    threads: 4
    resources: tmpdir=/tmp


[Mon Sep 22 08:38:48 2025]
rule seqkit_raw:
    input: /ngs-results/TEST_MICROBIOLOGY_QC/CTC7064DS_S56_R1_001.fastq.gz, /ngs-results/TEST_MICROBIOLOGY_QC/CTC7064DS_S56_R2_001.fastq.gz
    output: /ngs-results/TEST_MICROBIOLOGY_QC/seqkit/CTC7064DS_S56.raw.seqkit.txt
    jobid: 7
    reason: Missing output files: /ngs-results/TEST_MICROBIOLOGY_QC/seqkit/CTC7064DS_S56.raw.seqkit.txt
    wildcards: sample=CTC7064DS_S56
    resources: tmpdir=/tmp

[Mon Sep 22 08:39:03 2025]
Finished job 8.
1 of 18 steps (6%) done
Select jobs to execute...
[Mon Sep 22 08:39:11 2025]
Finished job 7.
2 of 18 steps (11%) done

[Mon Sep 22 08:39:11 2025]
rule fastqc_raw:
    input: /ngs-results/TEST_MICROBIOLOGY_QC/CTC7065DS_S57_R1_001.fastq.gz, /ngs-results/TEST_MICROBIOLOGY_QC/CTC7065DS_S57_R2_001.fastq.gz
    output: /ngs-results/TEST_MICROBIOLOGY_QC/fastqc_raw/CTC7065DS_S57_R1_fastqc.html, /ngs-results/TEST_MICROBIOLOGY_QC/fastqc_raw/CTC7065DS_S57_R2_fastqc.html
    log: /ngs-results/TEST_MICROBIOLOGY_QC/logs/CTC7065DS_S57.fastqc_raw.log
    jobid: 2
    reason: Missing output files: /ngs-results/TEST_MICROBIOLOGY_QC/fastqc_raw/CTC7065DS_S57_R1_fastqc.html
    wildcards: sample=CTC7065DS_S57
    threads: 4
    resources: tmpdir=/tmp

[Mon Sep 22 08:39:50 2025]
Finished job 1.
3 of 18 steps (17%) done
Select jobs to execute...
[Mon Sep 22 08:39:52 2025]
Finished job 2.
4 of 18 steps (22%) done

[Mon Sep 22 08:39:52 2025]
rule fastp:
    input: /ngs-results/TEST_MICROBIOLOGY_QC/CTC7064DS_S56_R1_001.fastq.gz, /ngs-results/TEST_MICROBIOLOGY_QC/CTC7064DS_S56_R2_001.fastq.gz
    output: /ngs-results/TEST_MICROBIOLOGY_QC/trimmed/CTC7064DS_S56.R1.trimmed.fastq.gz, /ngs-results/TEST_MICROBIOLOGY_QC/trimmed/CTC7064DS_S56.R2.trimmed.fastq.gz, /ngs-results/TEST_MICROBIOLOGY_QC/fastp/CTC7064DS_S56.fastp.html, /ngs-results/TEST_MICROBIOLOGY_QC/fastp/CTC7064DS_S56.fastp.json
    log: /ngs-results/TEST_MICROBIOLOGY_QC/logs/CTC7064DS_S56.fastp.log
    jobid: 4
    reason: Missing output files: /ngs-results/TEST_MICROBIOLOGY_QC/trimmed/CTC7064DS_S56.R1.trimmed.fastq.gz, /ngs-results/TEST_MICROBIOLOGY_QC/fastp/CTC7064DS_S56.fastp.json, /ngs-results/TEST_MICROBIOLOGY_QC/fastp/CTC7064DS_S56.fastp.html, /ngs-results/TEST_MICROBIOLOGY_QC/trimmed/CTC7064DS_S56.R2.trimmed.fastq.gz
    wildcards: sample=CTC7064DS_S56
    threads: 8
    resources: tmpdir=/tmp

[Mon Sep 22 08:41:14 2025]
Finished job 4.
5 of 18 steps (28%) done
Select jobs to execute...

[Mon Sep 22 08:41:14 2025]
rule seqkit_trimmed:
    input: /ngs-results/TEST_MICROBIOLOGY_QC/trimmed/CTC7064DS_S56.R1.trimmed.fastq.gz, /ngs-results/TEST_MICROBIOLOGY_QC/trimmed/CTC7064DS_S56.R2.trimmed.fastq.gz
    output: /ngs-results/TEST_MICROBIOLOGY_QC/seqkit/CTC7064DS_S56.trimmed.seqkit.txt
    jobid: 9
    reason: Missing output files: /ngs-results/TEST_MICROBIOLOGY_QC/seqkit/CTC7064DS_S56.trimmed.seqkit.txt; Input files updated by another job: /ngs-results/TEST_MICROBIOLOGY_QC/trimmed/CTC7064DS_S56.R2.trimmed.fastq.gz, /ngs-results/TEST_MICROBIOLOGY_QC/trimmed/CTC7064DS_S56.R1.trimmed.fastq.gz
    wildcards: sample=CTC7064DS_S56
    resources: tmpdir=/tmp


[Mon Sep 22 08:41:14 2025]
rule fastqc_trimmed:
    input: /ngs-results/TEST_MICROBIOLOGY_QC/trimmed/CTC7064DS_S56.R1.trimmed.fastq.gz, /ngs-results/TEST_MICROBIOLOGY_QC/trimmed/CTC7064DS_S56.R2.trimmed.fastq.gz
    output: /ngs-results/TEST_MICROBIOLOGY_QC/fastqc_trimmed/CTC7064DS_S56_R1_fastqc.html, /ngs-results/TEST_MICROBIOLOGY_QC/fastqc_trimmed/CTC7064DS_S56_R2_fastqc.html
    log: /ngs-results/TEST_MICROBIOLOGY_QC/logs/CTC7064DS_S56.fastqc_trimmed.log
    jobid: 3
    reason: Missing output files: /ngs-results/TEST_MICROBIOLOGY_QC/fastqc_trimmed/CTC7064DS_S56_R1_fastqc.html; Input files updated by another job: /ngs-results/TEST_MICROBIOLOGY_QC/trimmed/CTC7064DS_S56.R2.trimmed.fastq.gz, /ngs-results/TEST_MICROBIOLOGY_QC/trimmed/CTC7064DS_S56.R1.trimmed.fastq.gz
    wildcards: sample=CTC7064DS_S56
    threads: 4
    resources: tmpdir=/tmp

[Mon Sep 22 08:41:26 2025]
Finished job 9.
6 of 18 steps (33%) done
Select jobs to execute...
[Mon Sep 22 08:42:12 2025]
Finished job 3.
7 of 18 steps (39%) done

[Mon Sep 22 08:42:12 2025]
rule kraken2:
    input: /ngs-results/TEST_MICROBIOLOGY_QC/trimmed/CTC7064DS_S56.R1.trimmed.fastq.gz, /ngs-results/TEST_MICROBIOLOGY_QC/trimmed/CTC7064DS_S56.R2.trimmed.fastq.gz
    output: /ngs-results/TEST_MICROBIOLOGY_QC/kraken2/CTC7064DS_S56.kreport.txt, /ngs-results/TEST_MICROBIOLOGY_QC/kraken2/CTC7064DS_S56.kraken.txt
    log: /ngs-results/TEST_MICROBIOLOGY_QC/logs/CTC7064DS_S56.kraken2.log
    jobid: 11
    reason: Missing output files: /ngs-results/TEST_MICROBIOLOGY_QC/kraken2/CTC7064DS_S56.kraken.txt, /ngs-results/TEST_MICROBIOLOGY_QC/kraken2/CTC7064DS_S56.kreport.txt; Input files updated by another job: /ngs-results/TEST_MICROBIOLOGY_QC/trimmed/CTC7064DS_S56.R2.trimmed.fastq.gz, /ngs-results/TEST_MICROBIOLOGY_QC/trimmed/CTC7064DS_S56.R1.trimmed.fastq.gz
    wildcards: sample=CTC7064DS_S56
    threads: 8
    resources: tmpdir=/tmp

[Mon Sep 22 08:42:12 2025]
Error in rule kraken2:
    jobid: 11
    input: /ngs-results/TEST_MICROBIOLOGY_QC/trimmed/CTC7064DS_S56.R1.trimmed.fastq.gz, /ngs-results/TEST_MICROBIOLOGY_QC/trimmed/CTC7064DS_S56.R2.trimmed.fastq.gz
    output: /ngs-results/TEST_MICROBIOLOGY_QC/kraken2/CTC7064DS_S56.kreport.txt, /ngs-results/TEST_MICROBIOLOGY_QC/kraken2/CTC7064DS_S56.kraken.txt
    log: /ngs-results/TEST_MICROBIOLOGY_QC/logs/CTC7064DS_S56.kraken2.log (check log file(s) for error details)
    shell:
        
        mkdir -p "/ngs-results/TEST_MICROBIOLOGY_QC/kraken2" "/ngs-results/TEST_MICROBIOLOGY_QC/logs"
        kraken2 --db /raw-data/ANNOTATIONS/ANN_DIR/KRAKEN2/k2_standard_16_GB_20250714 --threads 8 \
                --report /ngs-results/TEST_MICROBIOLOGY_QC/kraken2/CTC7064DS_S56.kreport.txt --output /ngs-results/TEST_MICROBIOLOGY_QC/kraken2/CTC7064DS_S56.kraken.txt \
                --gzip-compressed --paired /ngs-results/TEST_MICROBIOLOGY_QC/trimmed/CTC7064DS_S56.R1.trimmed.fastq.gz /ngs-results/TEST_MICROBIOLOGY_QC/trimmed/CTC7064DS_S56.R2.trimmed.fastq.gz &>> /ngs-results/TEST_MICROBIOLOGY_QC/logs/CTC7064DS_S56.kraken2.log
    
        (one of the commands exited with non-zero exit code; note that snakemake uses bash strict mode!)

Shutting down, this might take some time.
Exiting because a job execution failed. Look above for error message
Complete log: .snakemake/log/2025-09-22T083848.628858.snakemake.log
